Performing C SOURCE FILE Test CMAKE_HAVE_LIBC_PTHREAD failed with the following output:
Change Dir: /home/adecovemacker/tek2/B-YEP-400-LIL-4-1-indiestudio-marc.berthelin/build/CMakeFiles/CMakeTmp

Run Build Command(s):/usr/bin/gmake cmTC_11f6c/fast && /usr/bin/gmake  -f CMakeFiles/cmTC_11f6c.dir/build.make CMakeFiles/cmTC_11f6c.dir/build
gmake[1] : on entre dans le répertoire « /home/adecovemacker/tek2/B-YEP-400-LIL-4-1-indiestudio-marc.berthelin/build/CMakeFiles/CMakeTmp »
Building C object CMakeFiles/cmTC_11f6c.dir/src.c.o
/usr/bin/cc   -fno-strict-aliasing -Werror=implicit-function-declaration -Werror=pointer-arith  -DCMAKE_HAVE_LIBC_PTHREAD   -o CMakeFiles/cmTC_11f6c.dir/src.c.o   -c /home/adecovemacker/tek2/B-YEP-400-LIL-4-1-indiestudio-marc.berthelin/build/CMakeFiles/CMakeTmp/src.c
Linking C executable cmTC_11f6c
/usr/bin/cmake -E cmake_link_script CMakeFiles/cmTC_11f6c.dir/link.txt --verbose=1
/usr/bin/cc -fno-strict-aliasing -Werror=implicit-function-declaration -Werror=pointer-arith  -DCMAKE_HAVE_LIBC_PTHREAD    -rdynamic CMakeFiles/cmTC_11f6c.dir/src.c.o  -o cmTC_11f6c 
/usr/bin/ld: CMakeFiles/cmTC_11f6c.dir/src.c.o: in function `main':
src.c:(.text+0x2d): undefined reference to `pthread_create'
/usr/bin/ld: src.c:(.text+0x39): undefined reference to `pthread_detach'
/usr/bin/ld: src.c:(.text+0x45): undefined reference to `pthread_cancel'
/usr/bin/ld: src.c:(.text+0x56): undefined reference to `pthread_join'
collect2: erreur: ld a retourné le statut de sortie 1
gmake[1]: *** [CMakeFiles/cmTC_11f6c.dir/build.make:107: cmTC_11f6c] Error 1
gmake[1] : on quitte le répertoire « /home/adecovemacker/tek2/B-YEP-400-LIL-4-1-indiestudio-marc.berthelin/build/CMakeFiles/CMakeTmp »
gmake: *** [Makefile:141: cmTC_11f6c/fast] Error 2


Source file was:
#include <pthread.h>

void* test_func(void* data)
{
  return data;
}

int main(void)
{
  pthread_t thread;
  pthread_create(&thread, NULL, test_func, NULL);
  pthread_detach(thread);
  pthread_cancel(thread);
  pthread_join(thread, NULL);
  pthread_atfork(NULL, NULL, NULL);
  pthread_exit(NULL);

  return 0;
}

Determining if the function pthread_create exists in the pthreads failed with the following output:
Change Dir: /home/adecovemacker/tek2/B-YEP-400-LIL-4-1-indiestudio-marc.berthelin/build/CMakeFiles/CMakeTmp

Run Build Command(s):/usr/bin/gmake cmTC_050bc/fast && /usr/bin/gmake  -f CMakeFiles/cmTC_050bc.dir/build.make CMakeFiles/cmTC_050bc.dir/build
gmake[1] : on entre dans le répertoire « /home/adecovemacker/tek2/B-YEP-400-LIL-4-1-indiestudio-marc.berthelin/build/CMakeFiles/CMakeTmp »
Building C object CMakeFiles/cmTC_050bc.dir/CheckFunctionExists.c.o
/usr/bin/cc   -fno-strict-aliasing -Werror=implicit-function-declaration -Werror=pointer-arith  -DCHECK_FUNCTION_EXISTS=pthread_create   -std=gnu99 -o CMakeFiles/cmTC_050bc.dir/CheckFunctionExists.c.o   -c /usr/share/cmake/Modules/CheckFunctionExists.c
Linking C executable cmTC_050bc
/usr/bin/cmake -E cmake_link_script CMakeFiles/cmTC_050bc.dir/link.txt --verbose=1
/usr/bin/cc -fno-strict-aliasing -Werror=implicit-function-declaration -Werror=pointer-arith  -DCHECK_FUNCTION_EXISTS=pthread_create    CMakeFiles/cmTC_050bc.dir/CheckFunctionExists.c.o  -o cmTC_050bc  -lpthreads 
/usr/bin/ld : ne peut trouver -lpthreads
collect2: erreur: ld a retourné le statut de sortie 1
gmake[1]: *** [CMakeFiles/cmTC_050bc.dir/build.make:107: cmTC_050bc] Error 1
gmake[1] : on quitte le répertoire « /home/adecovemacker/tek2/B-YEP-400-LIL-4-1-indiestudio-marc.berthelin/build/CMakeFiles/CMakeTmp »
gmake: *** [Makefile:141: cmTC_050bc/fast] Error 2



